============================= test session starts =============================
platform win32 -- Python 3.12.13, pytest-8.4.2, pluggy-1.6.0
rootdir: C:\Users\Eduardo Riquelme\src\streaming-fpuna-proyecto-final
configfile: pyproject.toml
testpaths: tests
collected 67 items

tests\test_aggregation.py ..........                                     [ 14%]
tests\test_deduplication.py ........                                     [ 26%]
tests\test_pipeline.py ......                                            [ 35%]
tests\test_producer.py ........................                          [ 71%]
tests\test_validation.py ...................                             [100%]

============================= 67 passed in 11.84s =============================
